1722441450749	geckodriver	INFO	Listening on 127.0.0.1:53743
1722441451270	mozrunner::runner	INFO	Running command: MOZ_CRASHREPORTER="1" MOZ_CRASHREPORTER_NO_REPORT="1" MOZ_CRASHREPORTER_SHUTDOWN="1" MOZ_NO_REMOTE="1" "/App ... s" "localhost" "-foreground" "-no-remote" "-profile" "/var/folders/sr/5048hcyj3053h71r697w26rw0000gn/T/rust_mozprofile35NXmI"
console.warn: services.settings: Ignoring preference override of remote settings server
console.warn: services.settings: Allow by setting MOZ_REMOTE_SETTINGS_DEVTOOLS=1 in the environment
1722441451449	Marionette	INFO	Marionette enabled
console.error: "Warning: unrecognized command line flag" "-remote-allow-hosts"
1722441451649	Marionette	INFO	Listening on port 53751
WebDriver BiDi listening on ws://127.0.0.1:53744
Read port: 53751
1722441451799	RemoteAgent	WARN	TLS certificate errors will be ignored for this session
UNSUPPORTED (log once): POSSIBLE ISSUE: unit 1 GLD_TEXTURE_INDEX_2D is unloadable and bound to sampler type (Float) - using zero texture because texture unloadable
DevTools listening on ws://127.0.0.1:53744/devtools/browser/e4a8d7ca-2a7a-45f3-83cc-32cf2f63767a
1722441481474	addons.xpi	ERROR	System addon update list error SyntaxError: XMLHttpRequest.open: 'http://%(server)s/dummy-system-addons.xml' is not a valid URL.
console.warn: "Listener for event 'frame' did not return a promise."
console.warn: "Listener for event 'frame' did not return a promise."
console.warn: "Listener for event 'frame' did not return a promise."
console.warn: "Listener for event 'frame' did not return a promise."
console.warn: "Listener for event 'frame' did not return a promise."
console.warn: "Listener for event 'frame' did not return a promise."
console.warn: "Listener for event 'frame' did not return a promise."
console.warn: "Listener for event 'frame' did not return a promise."
console.warn: "Listener for event 'frame' did not return a promise."
1722555702464	addons.xpi	ERROR	System addon update list error SyntaxError: XMLHttpRequest.open: 'http://%(server)s/dummy-system-addons.xml' is not a valid URL.
console.warn: "Listener for event 'frame' did not return a promise."
console.warn: "Listener for event 'frame' did not return a promise."
console.warn: "Listener for event 'frame' did not return a promise."
console.warn: "Listener for event 'frame' did not return a promise."
console.warn: "Listener for event 'frame' did not return a promise."
console.warn: "Listener for event 'frame' did not return a promise."
1722678299998	addons.xpi	ERROR	System addon update list error SyntaxError: XMLHttpRequest.open: 'http://%(server)s/dummy-system-addons.xml' is not a valid URL.
console.warn: "Listener for event 'frame' did not return a promise."
console.warn: "Listener for event 'frame' did not return a promise."
console.warn: "Listener for event 'frame' did not return a promise."
console.warn: "Listener for event 'frame' did not return a promise."
console.warn: "Listener for event 'frame' did not return a promise."
console.warn: "Listener for event 'frame' did not return a promise."
1722768564063	addons.xpi	ERROR	System addon update list error SyntaxError: XMLHttpRequest.open: 'http://%(server)s/dummy-system-addons.xml' is not a valid URL.
console.warn: "Listener for event 'frame' did not return a promise."
console.warn: "Listener for event 'frame' did not return a promise."
console.warn: "Listener for event 'frame' did not return a promise."
console.warn: "Listener for event 'frame' did not return a promise."
console.warn: "Listener for event 'frame' did not return a promise."
console.warn: "Listener for event 'frame' did not return a promise."
console.warn: "Listener for event 'frame' did not return a promise."
console.warn: "Listener for event 'frame' did not return a promise."
console.warn: "Listener for event 'frame' did not return a promise."
1722876713859	addons.xpi	ERROR	System addon update list error SyntaxError: XMLHttpRequest.open: 'http://%(server)s/dummy-system-addons.xml' is not a valid URL.
JavaScript error: resource:///modules/sessionstore/SessionStore.sys.mjs, line 3592: TypeError: this._windows[aWindow.__SSi] is undefined
JavaScript error: resource://devtools/server/connectors/js-process-actor/target-watchers/window-global.sys.mjs, line 448: TypeError: subject.defaultView is null
JavaScript error: resource://devtools/server/connectors/js-process-actor/ContentProcessWatcherRegistry.sys.mjs, line 394: NotFoundError: No such JSProcessActor 'DevToolsProcess'
JavaScript error: resource://devtools/server/connectors/js-process-actor/ContentProcessWatcherRegistry.sys.mjs, line 394: NotFoundError: No such JSProcessActor 'DevToolsProcess'
JavaScript error: resource://devtools/server/connectors/js-process-actor/ContentProcessWatcherRegistry.sys.mjs, line 394: NotFoundError: No such JSProcessActor 'DevToolsProcess'
JavaScript error: resource://devtools/server/connectors/js-process-actor/ContentProcessWatcherRegistry.sys.mjs, line 394: NotFoundError: No such JSProcessActor 'DevToolsProcess'
JavaScript error: resource://devtools/server/connectors/js-process-actor/ContentProcessWatcherRegistry.sys.mjs, line 394: NotFoundError: No such JSProcessActor 'DevToolsProcess'
JavaScript error: resource://devtools/server/connectors/js-process-actor/ContentProcessWatcherRegistry.sys.mjs, line 394: NotFoundError: No such JSProcessActor 'DevToolsProcess'
JavaScript error: , line 0: NotFoundError: No such JSProcessActor 'DevToolsProcess'
JavaScript error: , line 0: NotFoundError: No such JSProcessActor 'DevToolsProcess'
JavaScript error: , line 0: NotFoundError: No such JSProcessActor 'DevToolsProcess'
JavaScript error: , line 0: NotFoundError: No such JSProcessActor 'DevToolsProcess'
JavaScript error: , line 0: NotFoundError: No such JSProcessActor 'DevToolsProcess'
1722879090896	Marionette	INFO	Stopped listening on port 53751
console.error: "Failed to fetch https://spocs.getpocket.com/user:" "NetworkError when attempting to fetch resource."
console.warn: TopSitesFeed: Failed to fetch data from Contile server: NetworkError when attempting to fetch resource.
